mode: set
github.com/tiborv/hilbert-gis/tree/controllers.go:10.51,12.2 1 1
github.com/tiborv/hilbert-gis/tree/controllers.go:14.55,18.10 3 1
github.com/tiborv/hilbert-gis/tree/controllers.go:22.2,22.31 1 1
github.com/tiborv/hilbert-gis/tree/controllers.go:18.10,21.3 2 1
github.com/tiborv/hilbert-gis/tree/controllers.go:26.44,28.2 1 1
github.com/tiborv/hilbert-gis/tree/controllers.go:30.53,32.36 2 1
github.com/tiborv/hilbert-gis/tree/controllers.go:35.2,35.42 1 1
github.com/tiborv/hilbert-gis/tree/controllers.go:32.36,34.3 1 1
github.com/tiborv/hilbert-gis/tree/controllers.go:39.32,40.22 1 1
github.com/tiborv/hilbert-gis/tree/controllers.go:43.2,43.10 1 1
github.com/tiborv/hilbert-gis/tree/controllers.go:40.22,42.3 1 1
github.com/tiborv/hilbert-gis/tree/controllers.go:47.33,49.22 2 1
github.com/tiborv/hilbert-gis/tree/controllers.go:53.2,53.24 1 1
github.com/tiborv/hilbert-gis/tree/controllers.go:49.22,52.3 2 1
github.com/tiborv/hilbert-gis/tree/controllers.go:57.29,59.2 1 1
github.com/tiborv/hilbert-gis/tree/mappers.go:3.46,4.15 1 0
github.com/tiborv/hilbert-gis/tree/mappers.go:14.2,14.17 1 0
github.com/tiborv/hilbert-gis/tree/mappers.go:5.2,6.18 1 0
github.com/tiborv/hilbert-gis/tree/mappers.go:7.2,8.18 1 0
github.com/tiborv/hilbert-gis/tree/mappers.go:9.2,10.18 1 0
github.com/tiborv/hilbert-gis/tree/mappers.go:11.2,12.18 1 0
github.com/tiborv/hilbert-gis/tree/mappers.go:16.46,17.15 1 1
github.com/tiborv/hilbert-gis/tree/mappers.go:27.2,27.17 1 0
github.com/tiborv/hilbert-gis/tree/mappers.go:18.2,19.18 1 0
github.com/tiborv/hilbert-gis/tree/mappers.go:20.2,21.18 1 0
github.com/tiborv/hilbert-gis/tree/mappers.go:22.2,23.18 1 1
github.com/tiborv/hilbert-gis/tree/mappers.go:24.2,25.18 1 0
github.com/tiborv/hilbert-gis/tree/mappers.go:29.46,30.15 1 1
github.com/tiborv/hilbert-gis/tree/mappers.go:40.2,40.17 1 0
github.com/tiborv/hilbert-gis/tree/mappers.go:31.2,32.18 1 0
github.com/tiborv/hilbert-gis/tree/mappers.go:33.2,34.18 1 1
github.com/tiborv/hilbert-gis/tree/mappers.go:35.2,36.18 1 0
github.com/tiborv/hilbert-gis/tree/mappers.go:37.2,38.18 1 0
github.com/tiborv/hilbert-gis/tree/mappers.go:42.46,43.15 1 1
github.com/tiborv/hilbert-gis/tree/mappers.go:53.2,53.17 1 0
github.com/tiborv/hilbert-gis/tree/mappers.go:44.2,45.18 1 0
github.com/tiborv/hilbert-gis/tree/mappers.go:46.2,47.18 1 0
github.com/tiborv/hilbert-gis/tree/mappers.go:48.2,49.18 1 1
github.com/tiborv/hilbert-gis/tree/mappers.go:50.2,51.18 1 0
github.com/tiborv/hilbert-gis/tree/node.go:14.96,21.2 1 1
github.com/tiborv/hilbert-gis/tree/node.go:24.21,29.2 1 1
github.com/tiborv/hilbert-gis/tree/node.go:32.34,33.21 1 1
github.com/tiborv/hilbert-gis/tree/node.go:36.2,36.17 1 1
github.com/tiborv/hilbert-gis/tree/node.go:33.21,35.3 1 1
github.com/tiborv/hilbert-gis/tree/node.go:39.58,40.31 1 1
github.com/tiborv/hilbert-gis/tree/node.go:44.2,44.14 1 1
github.com/tiborv/hilbert-gis/tree/node.go:40.31,43.3 2 1
github.com/tiborv/hilbert-gis/tree/node.go:47.40,48.26 1 1
github.com/tiborv/hilbert-gis/tree/node.go:51.2,52.10 2 1
github.com/tiborv/hilbert-gis/tree/node.go:48.26,50.3 1 1
github.com/tiborv/hilbert-gis/tree/node.go:56.30,70.23 9 1
github.com/tiborv/hilbert-gis/tree/node.go:78.2,78.10 1 1
github.com/tiborv/hilbert-gis/tree/node.go:70.23,73.28 3 1
github.com/tiborv/hilbert-gis/tree/node.go:76.3,76.27 1 1
github.com/tiborv/hilbert-gis/tree/node.go:73.28,75.4 1 1
github.com/tiborv/hilbert-gis/tree/node.go:82.47,83.29 1 1
github.com/tiborv/hilbert-gis/tree/node.go:88.2,88.14 1 1
github.com/tiborv/hilbert-gis/tree/node.go:83.29,84.18 1 1
github.com/tiborv/hilbert-gis/tree/node.go:84.18,86.4 1 1
